2025/04/17 21:27:39 2025-04-17T21:27:39+01:00 [Function: go-rest-api/internal/handlers.(*FilterHandler).Filter] [Line: 28] EOF
2025/04/17 21:30:08 2025-04-17T21:30:08+01:00 [Function: go-rest-api/internal/handlers.(*FilterHandler).Filter] [Line: 28] invalid character '-' in numeric literal
2025/04/17 21:33:02 2025-04-17T21:33:02+01:00 [Function: go-rest-api/internal/handlers.(*FilterHandler).Filter] [Line: 34] error parsing number atoi error
2025/04/17 21:33:03 2025-04-17T21:33:03+01:00 [Function: go-rest-api/internal/handlers.(*FilterHandler).Filter] [Line: 34] error parsing number atoi error
2025/04/17 21:33:06 2025-04-17T21:33:06+01:00 [Function: go-rest-api/internal/handlers.(*FilterHandler).Filter] [Line: 34] error parsing number atoi error
2025/04/17 21:45:41 2025-04-17T21:45:41+01:00 [Function: go-rest-api/internal/handlers.(*FilterHandler).Filter] [Line: 28] EOF
2025/04/17 21:45:47 2025-04-17T21:45:47+01:00 [Function: go-rest-api/internal/handlers.(*FilterHandler).Filter] [Line: 28] EOF
2025/04/17 21:50:41 2025-04-17T21:50:41+01:00 [Function: go-rest-api/internal/handlers.(*FilterHandler).Filter] [Line: 34] error parsing number atoi error
2025/04/17 21:50:57 2025-04-17T21:50:57+01:00 [Function: go-rest-api/internal/handlers.(*FilterHandler).Filter] [Line: 34] error parsing number atoi error
2025/04/17 21:53:55 2025-04-17T21:53:55+01:00 [Function: go-rest-api/internal/handlers.(*FilterHandler).Filter] [Line: 34] error parsing number 0 atoi error
2025/04/17 21:55:01 2025-04-17T21:55:01+01:00 [Function: go-rest-api/internal/handlers.(*FilterHandler).Filter] [Line: 34] error parsing number 0 atoi error
2025/04/17 21:57:02 2025-04-17T21:57:02+01:00 [Function: go-rest-api/internal/handlers.(*FilterHandler).Filter] [Line: 34] error parsing number 0 atoi error
2025/04/17 21:57:27 2025-04-17T21:57:27+01:00 [Function: go-rest-api/internal/handlers.(*FilterHandler).Filter] [Line: 34] error parsing number 0 atoi error
2025/04/17 21:58:11 2025-04-17T21:58:11+01:00 [Function: go-rest-api/internal/handlers.(*FilterHandler).Filter] [Line: 34] error parsing number 0 atoi error
2025/04/17 22:07:22 2025-04-17T22:07:22+01:00 [Function: go-rest-api/internal/handlers.(*ArtistsDetailsHandler).GetArtistDetails] [Line: 28] strconv.Atoi: parsing "": invalid syntax
2025/04/17 22:20:20 2025-04-17T22:20:20+01:00 [Function: go-rest-api/internal/handlers.(*ArtistsDetailsHandler).GetArtistDetails] [Line: 34] bad request
2025/04/17 22:22:14 2025-04-17T22:22:14+01:00 [Function: go-rest-api/internal/handlers.(*ArtistsDetailsHandler).GetArtistDetails] [Line: 34] bad request
2025/04/17 22:24:06 2025-04-17T22:24:06+01:00 [Function: go-rest-api/internal/handlers.(*ArtistsDetailsHandler).GetArtistDetails] [Line: 34] bad request
2025/04/18 15:12:36 2025-04-18T15:12:36+01:00 [Function: go-rest-api/internal/handlers.(*ArtistsDetailsHandler).GetArtistDetails] [Line: 34] bad request
2025/04/18 15:12:53 2025-04-18T15:12:53+01:00 [Function: go-rest-api/internal/handlers.(*ArtistsDetailsHandler).GetArtistDetails] [Line: 34] bad request
2025/04/18 15:13:32 2025-04-18T15:13:32+01:00 [Function: go-rest-api/internal/handlers.(*ArtistsDetailsHandler).GetArtistDetails] [Line: 34] bad request
2025/04/18 15:18:52 2025-04-18T15:18:52+01:00 [Function: go-rest-api/internal/handlers.(*ArtistsDetailsHandler).GetArtistDetails] [Line: 34] bad request
2025/04/18 15:54:38 2025-04-18T15:54:38+01:00 [Function: go-rest-api/internal/handlers.(*ArtistsDetailsHandler).GetArtistDetails] [Line: 34] bad request
2025/04/18 15:56:26 2025-04-18T15:56:26+01:00 [Function: go-rest-api/internal/handlers.(*ArtistsDetailsHandler).GetArtistDetails] [Line: 34] bad request
2025/04/18 18:16:47 2025-04-18T18:16:47+01:00 [Function: go-rest-api/internal/handlers.(*ArtistsDetailsHandler).GetArtistDetails] [Line: 34] bad request
2025/04/18 18:34:48 2025-04-18T18:34:48+01:00 [Function: go-rest-api/internal/handlers.(*ArtistsDetailsHandler).GetArtistDetails] [Line: 34] bad request
2025/04/18 18:35:28 2025-04-18T18:35:28+01:00 [Function: go-rest-api/internal/handlers.(*ArtistsDetailsHandler).GetArtistDetails] [Line: 34] bad request
2025/04/18 19:27:30 2025-04-18T19:27:30+01:00 [Function: go-rest-api/internal/handlers.(*ArtistsDetailsHandler).GetArtistDetails] [Line: 34] bad request
2025/04/18 19:28:42 2025-04-18T19:28:42+01:00 [Function: go-rest-api/internal/handlers.(*ArtistsDetailsHandler).GetArtistDetails] [Line: 34] bad request
2025/04/18 19:38:33 2025-04-18T19:38:33+01:00 [Function: go-rest-api/internal/handlers.(*ArtistsDetailsHandler).GetArtistDetails] [Line: 34] bad request
2025/04/18 19:38:51 2025-04-18T19:38:51+01:00 [Function: go-rest-api/internal/handlers.(*ArtistsDetailsHandler).GetArtistDetails] [Line: 34] bad request
2025/04/18 19:41:37 2025-04-18T19:41:37+01:00 [Function: go-rest-api/internal/handlers.(*ArtistsDetailsHandler).GetArtistDetails] [Line: 34] bad request
2025/04/18 19:42:09 2025-04-18T19:42:09+01:00 [Function: go-rest-api/internal/handlers.(*ArtistsDetailsHandler).GetArtistDetails] [Line: 34] bad request
2025/04/18 20:02:06 2025-04-18T20:02:06+01:00 [Function: go-rest-api/internal/handlers.(*ArtistsDetailsHandler).GetArtistDetails] [Line: 34] bad request
2025/04/18 20:04:35 2025-04-18T20:04:35+01:00 [Function: go-rest-api/internal/handlers.(*ArtistsDetailsHandler).GetArtistDetails] [Line: 34] bad request
2025/04/18 20:05:48 2025-04-18T20:05:48+01:00 [Function: go-rest-api/internal/handlers.(*ArtistsDetailsHandler).GetArtistDetails] [Line: 34] bad request
2025/04/20 19:59:52 2025-04-20T19:59:52+01:00 [Function: go-rest-api/internal/handlers.(*ArtistsDetailsHandler).GetArtistDetails] [Line: 34] bad request
2025/04/20 20:02:41 2025-04-20T20:02:41+01:00 [Function: go-rest-api/internal/handlers.(*ArtistsDetailsHandler).GetArtistDetails] [Line: 34] bad request
2025/04/20 20:13:07 2025-04-20T20:13:07+01:00 [Function: go-rest-api/internal/handlers.(*ArtistsDetailsHandler).GetArtistDetails] [Line: 34] bad request
2025/04/20 20:20:33 2025-04-20T20:20:33+01:00 [Function: go-rest-api/internal/handlers.(*ArtistsDetailsHandler).GetArtistDetails] [Line: 34] bad request
2025/04/20 20:25:19 2025-04-20T20:25:19+01:00 [Function: go-rest-api/internal/handlers.(*ArtistsDetailsHandler).GetArtistDetails] [Line: 34] bad request
